<?xml version="1.0" encoding="UTF-8"?>
<!-- Generated by org.testng.reporters.JUnitXMLReporter -->
<testsuite ignored="0" hostname="Shri" failures="0" tests="3" name="Surefire test" time="22.579" errors="0" timestamp="2024-05-10T11:36:26 IST">
  <testcase classname="com.test.TestCase" name="verifyEmailAndPassRequriedOrNot" time="7.733"/>
  <testcase classname="com.test.TestCase" name="verifyMaritalStatusRequriedOrNot" time="5.805"/>
  <testcase classname="com.test.TestCase" name="verifyMobilenum" time="9.02"/>
</testsuite> <!-- Surefire test -->
