<?xml version="1.0" encoding="UTF-8"?>
<!-- Generated by org.testng.reporters.JUnitXMLReporter -->
<testsuite ignored="0" hostname="DESKTOP-GJ2PL7P" failures="0" tests="3" name="Surefire test" time="91.814" errors="0" timestamp="2024-05-10T13:20:07 IST">
  <testcase classname="com.test.TestCase" name="verifyEmailAndPassRequriedOrNot" time="21.739"/>
  <testcase classname="com.test.TestCase" name="verifyMaritalStatusRequriedOrNot" time="39.19"/>
  <testcase classname="com.test.TestCase" name="verifyMobilenum" time="30.847"/>
</testsuite> <!-- Surefire test -->
