<?xml version="1.0" encoding="UTF-8"?>
<testng-results ignored="0" total="1" passed="1" failed="0" skipped="0">
  <reporter-output>
  </reporter-output>
  <suite started-at="2024-05-10T13:28:51 IST" name="Default suite" finished-at="2024-05-10T13:29:08 IST" duration-ms="16212">
    <groups>
    </groups>
    <test started-at="2024-05-10T13:28:51 IST" name="Default test" finished-at="2024-05-10T13:29:08 IST" duration-ms="16212">
      <class name="com.test.TestSmita">
        <test-method signature="m2()[pri:0, instance:com.test.TestSmita@293a5bf6]" started-at="2024-05-10T13:28:51 IST" name="m2" finished-at="2024-05-10T13:29:08 IST" duration-ms="16153" status="PASS">
          <reporter-output>
          </reporter-output>
        </test-method> <!-- m2 -->
      </class> <!-- com.test.TestSmita -->
    </test> <!-- Default test -->
  </suite> <!-- Default suite -->
</testng-results>
